<?xml version="1.0" encoding="UTF-8" ?>
<testsuite tests="1" failures="0" name="com.mycompany.app.AppTest" time="0.005" errors="0" skipped="0">
  <properties>
    <property name="java.vendor" value="Oracle Corporation"/>
    <property name="JOB_NAME" value="mymaven-project"/>
    <property name="PWD" value="/var/lib/jenkins"/>
    <property name="sun.java.launcher" value="SUN_STANDARD"/>
    <property name="sun.management.compiler" value="HotSpot 64-Bit Tiered Compilers"/>
    <property name="JENKINS_HOME" value="/var/lib/jenkins"/>
    <property name="PATH" value="/home/timkarayev/Downloads/jdk1.8.0_51/bin:/usr/local/bin:/usr/bin:/bin:/usr/local/games:/usr/games"/>
    <property name="HUDSON_SERVER_COOKIE" value="c406fff18860064f"/>
    <property name="POM_ARTIFACTID" value="my-app"/>
    <property name="os.name" value="Linux"/>
    <property name="sun.boot.class.path" value="/home/timkarayev/Downloads/jdk1.8.0_51/jre/lib/resources.jar:/home/timkarayev/Downloads/jdk1.8.0_51/jre/lib/rt.jar:/home/timkarayev/Downloads/jdk1.8.0_51/jre/lib/sunrsasign.jar:/home/timkarayev/Downloads/jdk1.8.0_51/jre/lib/jsse.jar:/home/timkarayev/Downloads/jdk1.8.0_51/jre/lib/jce.jar:/home/timkarayev/Downloads/jdk1.8.0_51/jre/lib/charsets.jar:/home/timkarayev/Downloads/jdk1.8.0_51/jre/lib/jfr.jar:/home/timkarayev/Downloads/jdk1.8.0_51/jre/classes"/>
    <property name="EXECUTOR_NUMBER" value="0"/>
    <property name="java.vm.specification.vendor" value="Oracle Corporation"/>
    <property name="POM_DISPLAYNAME" value="my-app"/>
    <property name="XDG_RUNTIME_DIR" value="/run/user/116"/>
    <property name="NODE_LABELS" value="master"/>
    <property name="java.runtime.version" value="1.8.0_51-b16"/>
    <property name="XDG_SEAT" value="seat0"/>
    <property name="GIT_COMMITTER_EMAIL" value="jenkins@jfrog.com"/>
    <property name="user.name" value="jenkins"/>
    <property name="guice.disable.misplaced.annotation.check" value="true"/>
    <property name="extractor.used" value="true"/>
    <property name="user.language" value="en"/>
    <property name="BUILD_DISPLAY_NAME" value="#25"/>
    <property name="sun.boot.library.path" value="/home/timkarayev/Downloads/jdk1.8.0_51/jre/lib/amd64"/>
    <property name="GIT_PREVIOUS_SUCCESSFUL_COMMIT" value="19aa2c456dbce9e9a12ad6f8cbf8f5cd5e7e812e"/>
    <property name="java.version" value="1.8.0_51"/>
    <property name="user.timezone" value="America/Los_Angeles"/>
    <property name="GIT_AUTHOR_NAME" value="jenkins"/>
    <property name="sun.arch.data.model" value="64"/>
    <property name="NODE_NAME" value="master"/>
    <property name="TERM" value="linux"/>
    <property name="RELEASE_SCM_BRANCH" value="REL-BRANCH-my-app-1.1"/>
    <property name="java.endorsed.dirs" value="/home/timkarayev/Downloads/jdk1.8.0_51/jre/lib/endorsed"/>
    <property name="BUILD_ID" value="25"/>
    <property name="sun.cpu.isalist" value=""/>
    <property name="sun.jnu.encoding" value="UTF-8"/>
    <property name="file.encoding.pkg" value="sun.io"/>
    <property name="SHELL" value="/bin/bash"/>
    <property name="file.separator" value="/"/>
    <property name="java.specification.name" value="Java Platform API Specification"/>
    <property name="java.class.version" value="52.0"/>
    <property name="org.slf4j.simpleLogger.defaultLogLevel" value="info"/>
    <property name="user.country" value="US"/>
    <property name="securerandom.source" value="file:/dev/./urandom"/>
    <property name="java.home" value="/home/timkarayev/Downloads/jdk1.8.0_51/jre"/>
    <property name="java.vm.info" value="mixed mode"/>
    <property name="os.version" value="3.19.0-25-generic"/>
    <property name="POM_VERSION" value="1.1-SNAPSHOT"/>
    <property name="sun.font.fontmanager" value="sun.awt.X11FontManager"/>
    <property name="path.separator" value=":"/>
    <property name="java.vm.version" value="25.51-b03"/>
    <property name="GIT_PREVIOUS_COMMIT" value="19aa2c456dbce9e9a12ad6f8cbf8f5cd5e7e812e"/>
    <property name="SHLVL" value="1"/>
    <property name="_" value="/usr/bin/daemon"/>
    <property name="java.awt.printerjob" value="sun.print.PSPrinterJob"/>
    <property name="JAVA_HOME" value="/home/timkarayev/Downloads/jdk1.8.0_51"/>
    <property name="sun.io.unicode.encoding" value="UnicodeLittle"/>
    <property name="awt.toolkit" value="sun.awt.X11.XToolkit"/>
    <property name="LOGNAME" value="jenkins"/>
    <property name="POM_PACKAGING" value="jar"/>
    <property name="HOME" value="/var/lib/jenkins"/>
    <property name="POM_GROUPID" value="com.mycompany.app"/>
    <property name="user.home" value="/var/lib/jenkins"/>
    <property name="GIT_COMMITTER_NAME" value="jenkins"/>
    <property name="BUILD_TAG" value="jenkins-mymaven-project-25"/>
    <property name="JENKINS_SERVER_COOKIE" value="c406fff18860064f"/>
    <property name="HUDSON_URL" value="http://localhost:8080/"/>
    <property name="java.specification.vendor" value="Oracle Corporation"/>
    <property name="XDG_SESSION_ID" value="c1"/>
    <property name="CLASSPATH" value=""/>
    <property name="java.vendor.url" value="http://java.oracle.com/"/>
    <property name="java.library.path" value="/usr/java/packages/lib/amd64:/usr/lib64:/lib64:/lib:/usr/lib"/>
    <property name="java.vm.vendor" value="Oracle Corporation"/>
    <property name="java.runtime.name" value="Java(TM) SE Runtime Environment"/>
    <property name="maven.home" value="/usr/local/apache-maven/apache-maven-3.3.3"/>
    <property name="java.class.path" value="/var/lib/jenkins/plugins/maven-plugin/WEB-INF/lib/maven31-agent-1.5.jar:/usr/local/apache-maven/apache-maven-3.3.3/boot/plexus-classworlds-2.5.2.jar:/usr/local/apache-maven/apache-maven-3.3.3/conf/logging"/>
    <property name="sun.java.command" value="jenkins.maven3.agent.Maven31Main //usr/local/apache-maven/apache-maven-3.3.3 /var/cache/jenkins/war/WEB-INF/lib/remoting-2.52.jar /var/lib/jenkins/plugins/maven-plugin/WEB-INF/lib/maven31-interceptor-1.5.jar /var/lib/jenkins/plugins/maven-plugin/WEB-INF/lib/maven3-interceptor-commons-1.5.jar 38469"/>
    <property name="java.vm.specification.name" value="Java Virtual Machine Specification"/>
    <property name="PATH+JDK" value="/home/timkarayev/Downloads/jdk1.8.0_51/bin"/>
    <property name="java.vm.specification.version" value="1.8"/>
    <property name="sun.os.patch.level" value="unknown"/>
    <property name="sun.cpu.endian" value="little"/>
    <property name="M2_HOME" value="//usr/local/apache-maven/apache-maven-3.3.3"/>
    <property name="MAIL" value="/var/mail/jenkins"/>
    <property name="java.io.tmpdir" value="/tmp"/>
    <property name="HUDSON_HOME" value="/var/lib/jenkins"/>
    <property name="PATH+MAVEN" value="//usr/local/apache-maven/apache-maven-3.3.3/bin"/>
    <property name="BUILD_URL" value="http://localhost:8080/job/mymaven-project/25/"/>
    <property name="java.vendor.url.bug" value="http://bugreport.sun.com/bugreport/"/>
    <property name="buildInfoConfig.propertiesFile" value="/tmp/buildInfo9214431980308534839.properties"/>
    <property name="java.awt.graphicsenv" value="sun.awt.X11GraphicsEnvironment"/>
    <property name="os.arch" value="amd64"/>
    <property name="java.ext.dirs" value="/home/timkarayev/Downloads/jdk1.8.0_51/jre/lib/ext:/usr/java/packages/lib/ext"/>
    <property name="user.dir" value="/var/lib/jenkins/jobs/mymaven-project/workspace"/>
    <property name="JOB_URL" value="http://localhost:8080/job/mymaven-project/"/>
    <property name="line.separator" value="
"/>
    <property name="MAVEN_HOME" value="//usr/local/apache-maven/apache-maven-3.3.3"/>
    <property name="java.vm.name" value="Java HotSpot(TM) 64-Bit Server VM"/>
    <property name="BUILD_NUMBER" value="25"/>
    <property name="JENKINS_URL" value="http://localhost:8080/"/>
    <property name="GIT_BRANCH" value="origin/master"/>
    <property name="GIT_COMMIT" value="19aa2c456dbce9e9a12ad6f8cbf8f5cd5e7e812e"/>
    <property name="RELEASE_SCM_TAG" value="RELEASE-TAG-my-app-1.1"/>
    <property name="QT_QPA_PLATFORMTHEME" value="appmenu-qt5"/>
    <property name="file.encoding" value="UTF-8"/>
    <property name="LANG" value="en_US.UTF-8"/>
    <property name="maven3.interceptor" value="/var/lib/jenkins/plugins/maven-plugin/WEB-INF/lib/maven31-interceptor-1.5.jar"/>
    <property name="WORKSPACE" value="/var/lib/jenkins/jobs/mymaven-project/workspace"/>
    <property name="maven3.interceptor.common" value="/var/lib/jenkins/plugins/maven-plugin/WEB-INF/lib/maven3-interceptor-commons-1.5.jar"/>
    <property name="GIT_AUTHOR_EMAIL" value="jenkins@jfrog.com"/>
    <property name="java.specification.version" value="1.8"/>
    <property name="USER" value="jenkins"/>
    <property name="GIT_URL" value="https://github.com/teymurt/mymaven-project.git"/>
  </properties>
  <testcase classname="com.mycompany.app.AppTest" name="testApp" time="0.005"/>
</testsuite>